INFO:numexpr.utils:Note: NumExpr detected 16 cores but "NUMEXPR_MAX_THREADS" not set, so enforcing safe limit of 8.
INFO:numexpr.utils:NumExpr defaulting to 8 threads.
DEBUG:urllib3.connectionpool:Starting new HTTPS connection (1): s3.amazonaws.com:443
DEBUG:urllib3.connectionpool:https://s3.amazonaws.com:443 "HEAD /models.huggingface.co/bert/bert-base-cased-vocab.txt HTTP/1.1" 200 0
INFO:pytorch_pretrained_bert.tokenization:loading vocabulary file https://s3.amazonaws.com/models.huggingface.co/bert/bert-base-cased-vocab.txt from cache at C:\Users\pierr\.pytorch_pretrained_bert\5e8a2b4893d13790ed4150ca1906be5f7a03d6c4ddf62296c383f6db42814db2.e13dbb970cb325137104fb2e5f36fe865f27746c6b526f6352861b1980eb80b1
INFO:pytorch_pretrained_bert.tokenization:loading vocabulary file ./outputs/vocab.txt
INFO:pytorch_pretrained_bert.modeling:Better speed can be achieved with apex installed from https://www.github.com/nvidia/apex .
INFO:pytorch_pretrained_bert.modeling:Better speed can be achieved with apex installed from https://www.github.com/nvidia/apex .
INFO:pytorch_pretrained_bert.modeling:Better speed can be achieved with apex installed from https://www.github.com/nvidia/apex .
INFO:pytorch_pretrained_bert.modeling:Better speed can be achieved with apex installed from https://www.github.com/nvidia/apex .
INFO:pytorch_pretrained_bert.modeling:Better speed can be achieved with apex installed from https://www.github.com/nvidia/apex .
INFO:pytorch_pretrained_bert.modeling:Better speed can be achieved with apex installed from https://www.github.com/nvidia/apex .
INFO:pytorch_pretrained_bert.modeling:Better speed can be achieved with apex installed from https://www.github.com/nvidia/apex .
INFO:pytorch_pretrained_bert.modeling:Better speed can be achieved with apex installed from https://www.github.com/nvidia/apex .
INFO:pytorch_pretrained_bert.modeling:Better speed can be achieved with apex installed from https://www.github.com/nvidia/apex .
INFO:pytorch_pretrained_bert.modeling:Better speed can be achieved with apex installed from https://www.github.com/nvidia/apex .
INFO:pytorch_pretrained_bert.modeling:Better speed can be achieved with apex installed from https://www.github.com/nvidia/apex .
INFO:pytorch_pretrained_bert.modeling:Better speed can be achieved with apex installed from https://www.github.com/nvidia/apex .
INFO:pytorch_pretrained_bert.modeling:Better speed can be achieved with apex installed from https://www.github.com/nvidia/apex .
INFO:pytorch_pretrained_bert.modeling:Better speed can be achieved with apex installed from https://www.github.com/nvidia/apex .
INFO:pytorch_pretrained_bert.modeling:Better speed can be achieved with apex installed from https://www.github.com/nvidia/apex .
INFO:pytorch_pretrained_bert.modeling:loading archive file ./outputs/
INFO:pytorch_pretrained_bert.modeling:Model config {
  "attention_probs_dropout_prob": 0.1,
  "hidden_act": "gelu",
  "hidden_dropout_prob": 0.1,
  "hidden_size": 768,
  "initializer_range": 0.02,
  "intermediate_size": 3072,
  "max_position_embeddings": 512,
  "num_attention_heads": 12,
  "num_hidden_layers": 12,
  "type_vocab_size": 2,
  "vocab_size": 28996
}

INFO:root:***** Eval results *****
INFO:root:  task = test
INFO:root:  mcc = 0.6697829025664755
INFO:root:  tp = 737
INFO:root:  tn = 1086
INFO:root:  fp = 133
INFO:root:  fn = 220
INFO:root:  eval_loss = 0.38926691529067126
